<?xml version="1.0" encoding="UTF-8"?>
<!-- Generated by org.testng.reporters.JUnitReportReporter -->
<testsuite hostname="Akshay-Yaduvanshi" failures="0" tests="1" name="test_Prod.RegisterTest" time="0.003" errors="0" timestamp="2023-03-08T12:09:43 IST" skipped="0">
  <testcase classname="test_Prod.RegisterTest" name="regTest" time="0.003"/>
  <system-out/>
</testsuite> <!-- test_Prod.RegisterTest -->
