<?xml version="1.0" encoding="UTF-8"?>
<!-- Generated by org.testng.reporters.JUnitReportReporter -->
<testsuite hostname="Akshay-Yaduvanshi" failures="0" tests="2" name="learningBasic_TestNG.TestNG_Annotation" time="0.018" errors="0" timestamp="2023-03-14T10:28:58 IST" skipped="0">
  <testcase classname="learningBasic_TestNG.TestNG_Annotation" name="test" time="0.014"/>
  <system-out/>
  <testcase classname="learningBasic_TestNG.TestNG_Annotation" name="test1" time="0.004"/>
  <system-out/>
</testsuite> <!-- learningBasic_TestNG.TestNG_Annotation -->
