<?xml version="1.0" encoding="UTF-8"?>
<!-- Generated by org.testng.reporters.JUnitReportReporter -->
<testsuite hostname="Akshay-Yaduvanshi" failures="0" tests="1" name="assertionInTestNG.SoftAssert_" time="0.010" errors="0" timestamp="2023-03-07T19:19:21 IST" skipped="0">
  <testcase classname="assertionInTestNG.SoftAssert_" name="validation" time="0.010"/>
  <system-out/>
</testsuite> <!-- assertionInTestNG.SoftAssert_ -->
