<?xml version="1.0" encoding="UTF-8"?>
<!-- Generated by org.testng.reporters.JUnitReportReporter -->
<testsuite hostname="Akshay-Yaduvanshi" failures="0" tests="4" name="groupsConcept.GroupsAtClassLevel" time="0.044" errors="0" timestamp="2023-03-08T01:06:05 IST" skipped="0">
  <testcase classname="groupsConcept.GroupsAtClassLevel" name="tc02" time="0.005"/>
  <system-out/>
  <testcase classname="groupsConcept.GroupsAtClassLevel" name="tc03" time="0.003"/>
  <system-out/>
  <testcase classname="groupsConcept.GroupsAtClassLevel" name="tc01" time="0.029"/>
  <system-out/>
  <testcase classname="groupsConcept.GroupsAtClassLevel" name="tc05" time="0.007"/>
  <system-out/>
</testsuite> <!-- groupsConcept.GroupsAtClassLevel -->
