<?xml version="1.0" encoding="UTF-8"?>
<!-- Generated by org.testng.reporters.JUnitReportReporter -->
<testsuite hostname="Akshay-Yaduvanshi" failures="0" tests="1" name="prod.RegisterProd" time="0.002" errors="0" timestamp="2023-03-08T14:19:11 IST" skipped="0">
  <testcase classname="prod.RegisterProd" name="regProdTest" time="0.002"/>
  <system-out/>
</testsuite> <!-- prod.RegisterProd -->
