<?xml version="1.0" encoding="UTF-8"?>
<!-- Generated by org.testng.reporters.JUnitReportReporter -->
<testsuite hostname="Akshay-Yaduvanshi" failures="0" tests="2" name="testNg_In_Parallel.Parallel_TestNG" time="0.045" errors="0" timestamp="2023-03-07T23:30:24 IST" skipped="0">
  <testcase classname="testNg_In_Parallel.Parallel_TestNG" name="tc01" time="0.022"/>
  <system-out/>
  <testcase classname="testNg_In_Parallel.Parallel_TestNG" name="tc02" time="0.023"/>
  <system-out/>
</testsuite> <!-- testNg_In_Parallel.Parallel_TestNG -->
