<?xml version="1.0" encoding="UTF-8"?>
<!-- Generated by org.testng.reporters.JUnitReportReporter -->
<testsuite hostname="Akshay-Yaduvanshi" failures="0" tests="2" name="uat_Prod_Test.LoginUat" time="0.019" errors="0" timestamp="2023-03-14T10:53:46 IST" skipped="0">
  <testcase classname="uat_Prod_Test.LoginUat" name="Test" time="0.017"/>
  <system-out/>
  <testcase classname="uat_Prod_Test.LoginUat" name="logInTest" time="0.002"/>
  <system-out/>
</testsuite> <!-- uat_Prod_Test.LoginUat -->
