<?xml version="1.0" encoding="UTF-8"?>
<!-- Generated by org.testng.reporters.JUnitReportReporter -->
<testsuite hostname="Akshay-Yaduvanshi" failures="0" tests="2" name="learningBasic_TestNG.DataProvider" time="0.021" errors="0" timestamp="2023-03-14T10:28:15 IST" skipped="0">
  <testcase classname="learningBasic_TestNG.DataProvider" name="dataMatrix" time="0.005"/>
  <system-out/>
  <testcase classname="learningBasic_TestNG.DataProvider" name="dataMatrix" time="0.016"/>
  <system-out/>
</testsuite> <!-- learningBasic_TestNG.DataProvider -->
