<?xml version="1.0" encoding="UTF-8"?>
<!-- Generated by org.testng.reporters.JUnitReportReporter -->
<testsuite hostname="Akshay-Yaduvanshi" failures="0" tests="1" name="prod.LoginProd" time="0.005" errors="0" timestamp="2023-03-08T14:19:11 IST" skipped="0">
  <testcase classname="prod.LoginProd" name="logInProdTest" time="0.005"/>
  <system-out/>
</testsuite> <!-- prod.LoginProd -->
