<?xml version="1.0" encoding="UTF-8"?>
<!-- Generated by org.testng.reporters.JUnitReportReporter -->
<testsuite hostname="Akshay-Yaduvanshi" failures="0" tests="1" name="test_Prod.LogOutTest" time="0.002" errors="0" timestamp="2023-03-08T12:09:43 IST" skipped="0">
  <testcase classname="test_Prod.LogOutTest" name="logOutTest" time="0.002"/>
  <system-out/>
</testsuite> <!-- test_Prod.LogOutTest -->
