<?xml version="1.0" encoding="UTF-8"?>
<!-- Generated by org.testng.reporters.JUnitReportReporter -->
<testsuite hostname="Akshay-Yaduvanshi" failures="0" tests="1" name="assertionInTestNG.Assertion" time="0.016" errors="0" timestamp="2023-03-07T19:20:15 IST" skipped="0">
  <testcase classname="assertionInTestNG.Assertion" name="critical" time="0.016"/>
  <system-out/>
</testsuite> <!-- assertionInTestNG.Assertion -->
