<?xml version="1.0" encoding="UTF-8"?>
<!-- Generated by org.testng.reporters.JUnitReportReporter -->
<testsuite hostname="Akshay-Yaduvanshi" failures="0" tests="1" name="uat_Prod_Test.LogOutUat" time="0.005" errors="0" timestamp="2023-03-14T10:34:29 IST" skipped="0">
  <testcase classname="uat_Prod_Test.LogOutUat" name="logOutUatTest" time="0.005"/>
  <system-out/>
</testsuite> <!-- uat_Prod_Test.LogOutUat -->
