<?xml version="1.0" encoding="UTF-8"?>
<!-- Generated by org.testng.reporters.JUnitReportReporter -->
<testsuite hostname="Akshay-Yaduvanshi" failures="0" tests="3" name="i_TestContext_Logic.ITest_Context" time="0.022" errors="0" timestamp="2023-03-14T10:15:00 IST" skipped="0">
  <testcase classname="i_TestContext_Logic.ITest_Context" name="setUp" time="0.016"/>
  <system-out/>
  <testcase classname="i_TestContext_Logic.ITest_Context" name="logic" time="0.002"/>
  <system-out/>
  <testcase classname="i_TestContext_Logic.ITest_Context" name="exit" time="0.004"/>
  <system-out/>
</testsuite> <!-- i_TestContext_Logic.ITest_Context -->
