<?xml version="1.0" encoding="UTF-8"?>
<!-- Generated by org.testng.reporters.JUnitReportReporter -->
<testsuite hostname="Akshay-Yaduvanshi" failures="0" tests="1" name="groupsConcept.RegularExpression" time="0.018" errors="0" timestamp="2023-03-08T01:00:12 IST" skipped="0">
  <testcase classname="groupsConcept.RegularExpression" name="tc04" time="0.018"/>
  <system-out/>
</testsuite> <!-- groupsConcept.RegularExpression -->
