<?xml version="1.0" encoding="UTF-8"?>
<!-- Generated by org.testng.reporters.JUnitReportReporter -->
<testsuite hostname="Akshay-Yaduvanshi" failures="0" tests="1" name="groupsConcept.GroupsConceptBasic" time="0.016" errors="0" timestamp="2023-03-08T00:22:17 IST" skipped="0">
  <testcase classname="groupsConcept.GroupsConceptBasic" name="tc04" time="0.016"/>
  <system-out/>
</testsuite> <!-- groupsConcept.GroupsConceptBasic -->
